<?xml version="1.0" encoding="UTF-8"?>
<testsuite xmlns:xsi="http://www.w3.org/2001/XMLSchema-instance" xsi:noNamespaceSchemaLocation="https://maven.apache.org/surefire/maven-surefire-plugin/xsd/surefire-test-report.xsd" version="3.0.2" name="com.interview.subscription.SubscriptionApplicationTests" time="26.773" tests="1" errors="0" skipped="0" failures="0">
  <properties>
[...]
</properties>
  <testcase name="contextLoads" classname="com.interview.subscription.SubscriptionApplicationTests" time="4.987">
    <system-out><![CDATA[02:17:47.515 [main] INFO org.springframework.test.context.support.AnnotationConfigContextLoaderUtils -- Could not detect default configuration classes for test class [com.interview.subscription.SubscriptionApplicationTests]: SubscriptionApplicationTests does not declare any static, non-private, non-final, nested classes annotated with @Configuration.
02:17:48.115 [main] INFO org.springframework.boot.test.context.SpringBootTestContextBootstrapper -- Found @SpringBootConfiguration com.interview.subscription.SubscriptionApplication for test class com.interview.subscription.SubscriptionApplicationTests
02:17:49.164 [main] INFO org.springframework.boot.devtools.restart.RestartApplicationListener -- Restart disabled due to context in which it is running

  .   ____          _            __ _ _
 /\\ / ___'_ __ _ _(_)_ __  __ _ \ \ \ \
( ( )\___ | '_ | '_| | '_ \/ _` | \ \ \ \
 \\/  ___)| |_)| | | | | || (_| |  ) ) ) )
  '  |____| .__|_| |_|_| |_\__, | / / / /
 =========|_|==============|___/=/_/_/_/

 :: Spring Boot ::                (v3.4.1)

2025-01-17T02:17:50.830+05:30  INFO 2828 --- [subscription] [           main] c.i.s.SubscriptionApplicationTests       : Starting SubscriptionApplicationTests using Java 17.0.12 with PID 2828 (started by Asush in D:\Interviewer Questions\subscription)
2025-01-17T02:17:50.838+05:30  INFO 2828 --- [subscription] [           main] c.i.s.SubscriptionApplicationTests       : No active profile set, falling back to 1 default profile: "default"
2025-01-17T02:17:55.023+05:30  INFO 2828 --- [subscription] [           main] .s.d.r.c.RepositoryConfigurationDelegate : Bootstrapping Spring Data JDBC repositories in DEFAULT mode.
2025-01-17T02:17:55.238+05:30  INFO 2828 --- [subscription] [           main] .s.d.r.c.RepositoryConfigurationDelegate : Finished Spring Data repository scanning in 175 ms. Found 0 JDBC repository interfaces.
2025-01-17T02:18:02.505+05:30  INFO 2828 --- [subscription] [           main] com.zaxxer.hikari.HikariDataSource       : HikariPool-1 - Starting...
2025-01-17T02:18:04.989+05:30  INFO 2828 --- [subscription] [           main] com.zaxxer.hikari.pool.HikariPool        : HikariPool-1 - Added connection com.mysql.cj.jdbc.ConnectionImpl@5d1a859c
2025-01-17T02:18:05.002+05:30  INFO 2828 --- [subscription] [           main] com.zaxxer.hikari.HikariDataSource       : HikariPool-1 - Start completed.
2025-01-17T02:18:06.556+05:30  WARN 2828 --- [subscription] [           main] .s.s.UserDetailsServiceAutoConfiguration : 

Using generated security password: 8e5364f0-750d-4ed5-a505-f7fcf9d8d48b

This generated password is for development use only. Your security configuration must be updated before running your application in production.

2025-01-17T02:18:06.693+05:30  INFO 2828 --- [subscription] [           main] r$InitializeUserDetailsManagerConfigurer : Global AuthenticationManager configured with UserDetailsService bean with name inMemoryUserDetailsManager
2025-01-17T02:18:08.198+05:30  INFO 2828 --- [subscription] [           main] c.i.s.SubscriptionApplicationTests       : Started SubscriptionApplicationTests in 19.119 seconds (process running for 24.289)
]]></system-out>
  </testcase>
</testsuite>